<!DOCTYPE html>
<html lang="en">

<head>
  <meta charset="UTF-8">
  <meta name="viewport" content="width=device-width, initial-scale=1.0">
  <title>{title | capitalize}</title>


  <link rel="stylesheet" type="text/css" href="bootstrap.min.css">
</head>

<body>

  [foreach data.user as u { {u.name} <br>}]




</body>

</html>